Log file open, 11/07/18 18:49:25
LogWindows: Failed to load 'aqProf.dll' (GetLastError=126)
LogWindows: File 'aqProf.dll' does not exist
LogWindows: Failed to load 'VtuneApi.dll' (GetLastError=126)
LogWindows: File 'VtuneApi.dll' does not exist
LogWindows: Failed to load 'VtuneApi32e.dll' (GetLastError=126)
LogWindows: File 'VtuneApi32e.dll' does not exist
LogInit: Display: Running engine for game: MyProject
LogPlatformFile: Not using cached read wrapper
LogInit: Display: RandInit(1206635516) SRandInit(1206635516).
LogInit: Read version file with build ID '3944462'
LogInit: Overriding engine version to CL 4033788, compatible CL 3944462
LogInit: Registered custom module enumerator with build ID '3944462'
LogTaskGraph: Started task graph with 5 named threads and 23 total threads with 3 sets of task threads.
LogStats: Stats thread started at 0.245224
LogD3D11RHI: Aftermath initialized
LogICUInternationalization: Display: ICU TimeZone Detection - Raw Offset: -6:00, Platform Override: ''
LogModuleManager: Display: Found up-to-date module file ../../../Engine/Plugins/2D/Paper2D/Binaries/Win64/UE4Editor-Paper2D.dll (API version 3944462).
LogModuleManager: Display: Found up-to-date module file ../../../Engine/Plugins/2D/Paper2D/Binaries/Win64/UE4Editor-Paper2DEditor.dll (API version 3944462).
LogModuleManager: Display: Found up-to-date module file ../../../Engine/Plugins/2D/Paper2D/Binaries/Win64/UE4Editor-PaperSpriteSheetImporter.dll (API version 3944462).
LogModuleManager: Display: Found up-to-date module file ../../../Engine/Plugins/2D/Paper2D/Binaries/Win64/UE4Editor-PaperTiledImporter.dll (API version 3944462).
LogModuleManager: Display: Found up-to-date module file ../../../Engine/Plugins/2D/Paper2D/Binaries/Win64/UE4Editor-SmartSnapping.dll (API version 3944462).
LogModuleManager: Display: Found up-to-date module file ../../../Engine/Plugins/Blendables/LightPropagationVolume/Binaries/Win64/UE4Editor-LightPropagationVolumeRuntime.dll (API version 3944462).
LogModuleManager: Display: Found up-to-date module file ../../../Engine/Plugins/Blendables/LightPropagationVolume/Binaries/Win64/UE4Editor-LightPropagationVolumeEditor.dll (API version 3944462).
LogModuleManager: Display: Found up-to-date module file ../../../Engine/Plugins/Developer/CLionSourceCodeAccess/Binaries/Win64/UE4Editor-CLionSourceCodeAccess.dll (API version 3944462).
LogModuleManager: Display: Found up-to-date module file ../../../Engine/Plugins/Developer/GitSourceControl/Binaries/Win64/UE4Editor-GitSourceControl.dll (API version 3944462).
LogModuleManager: Display: Found up-to-date module file ../../../Engine/Plugins/Developer/PerforceSourceControl/Binaries/Win64/UE4Editor-PerforceSourceControl.dll (API version 3944462).
LogModuleManager: Display: Found up-to-date module file ../../../Engine/Plugins/Developer/SubversionSourceControl/Binaries/Win64/UE4Editor-SubversionSourceControl.dll (API version 3944462).
LogModuleManager: Display: Found up-to-date module file ../../../Engine/Plugins/Developer/UObjectPlugin/Binaries/Win64/UE4Editor-UObjectPlugin.dll (API version 3944462).
LogModuleManager: Display: Found up-to-date module file ../../../Engine/Plugins/Developer/VisualStudioCodeSourceCodeAccess/Binaries/Win64/UE4Editor-VisualStudioCodeSourceCodeAccess.dll (API version 3944462).
LogModuleManager: Display: Found up-to-date module file ../../../Engine/Plugins/Developer/VisualStudioSourceCodeAccess/Binaries/Win64/UE4Editor-VisualStudioSourceCodeAccess.dll (API version 3944462).
LogModuleManager: Display: Found up-to-date module file ../../../Engine/Plugins/Editor/AssetManagerEditor/Binaries/Win64/UE4Editor-AssetManagerEditor.dll (API version 3944462).
LogModuleManager: Display: Found up-to-date module file ../../../Engine/Plugins/Editor/CryptoKeys/Binaries/Win64/UE4Editor-CryptoKeys.dll (API version 3944462).
LogModuleManager: Display: Found up-to-date module file ../../../Engine/Plugins/Editor/CryptoKeys/Binaries/Win64/UE4Editor-CryptoKeysOpenSSL.dll (API version 3944462).
LogModuleManager: Display: Found up-to-date module file ../../../Engine/Plugins/Editor/DataValidation/Binaries/Win64/UE4Editor-DataValidation.dll (API version 3944462).
LogModuleManager: Display: Found up-to-date module file ../../../Engine/Plugins/Editor/FacialAnimation/Binaries/Win64/UE4Editor-FacialAnimation.dll (API version 3944462).
LogModuleManager: Display: Found up-to-date module file ../../../Engine/Plugins/Editor/FacialAnimation/Binaries/Win64/UE4Editor-FacialAnimationEditor.dll (API version 3944462).
LogModuleManager: Display: Found up-to-date module file ../../../Engine/Plugins/Editor/GameplayTagsEditor/Binaries/Win64/UE4Editor-GameplayTagsEditor.dll (API version 3944462).
LogModuleManager: Display: Found up-to-date module file ../../../Engine/Plugins/Editor/MobileLauncherProfileWizard/Binaries/Win64/UE4Editor-MobileLauncherProfileWizard.dll (API version 3944462).
LogModuleManager: Display: Found up-to-date module file ../../../Engine/Plugins/Editor/PluginBrowser/Binaries/Win64/UE4Editor-PluginBrowser.dll (API version 3944462).
LogModuleManager: Display: Found up-to-date module file ../../../Engine/Plugins/Editor/SpeedTreeImporter/Binaries/Win64/UE4Editor-SpeedTreeImporter.dll (API version 3944462).
LogModuleManager: Display: Found up-to-date module file ../../../Engine/Plugins/Enterprise/DatasmithContent/Binaries/Win64/UE4Editor-DatasmithContent.dll (API version 3944462).
LogModuleManager: Display: Found up-to-date module file ../../../Engine/Plugins/Experimental/AlembicImporter/Binaries/Win64/UE4Editor-AlembicImporter.dll (API version 3944462).
LogModuleManager: Display: Found up-to-date module file ../../../Engine/Plugins/Experimental/AlembicImporter/Binaries/Win64/UE4Editor-AlembicLibrary.dll (API version 3944462).
LogModuleManager: Display: Found up-to-date module file ../../../Engine/Plugins/Experimental/CharacterAI/Binaries/Win64/UE4Editor-CharacterAI.dll (API version 3944462).
LogModuleManager: Display: Found up-to-date module file ../../../Engine/Plugins/Experimental/HTML5Networking/Binaries/Win64/UE4Editor-HTML5Networking.dll (API version 3944462).
LogModuleManager: Display: Found up-to-date module file ../../../Engine/Plugins/Media/AndroidMedia/Binaries/Win64/UE4Editor-AndroidMediaEditor.dll (API version 3944462).
LogModuleManager: Display: Found up-to-date module file ../../../Engine/Plugins/Media/AndroidMedia/Binaries/Win64/UE4Editor-AndroidMediaFactory.dll (API version 3944462).
LogModuleManager: Display: Found up-to-date module file ../../../Engine/Plugins/Media/AvfMedia/Binaries/Win64/UE4Editor-AvfMediaEditor.dll (API version 3944462).
LogModuleManager: Display: Found up-to-date module file ../../../Engine/Plugins/Media/AvfMedia/Binaries/Win64/UE4Editor-AvfMediaFactory.dll (API version 3944462).
LogModuleManager: Display: Found up-to-date module file ../../../Engine/Plugins/Media/AvfMedia/Binaries/Win64/UE4Editor-AvfMediaFactory.dll (API version 3944462).
LogModuleManager: Display: Found up-to-date module file ../../../Engine/Plugins/Media/ImgMedia/Binaries/Win64/UE4Editor-ImgMedia.dll (API version 3944462).
LogModuleManager: Display: Found up-to-date module file ../../../Engine/Plugins/Media/ImgMedia/Binaries/Win64/UE4Editor-ImgMediaEditor.dll (API version 3944462).
LogModuleManager: Display: Found up-to-date module file ../../../Engine/Plugins/Media/ImgMedia/Binaries/Win64/UE4Editor-ImgMediaFactory.dll (API version 3944462).
LogModuleManager: Display: Found up-to-date module file ../../../Engine/Plugins/Media/ImgMedia/Binaries/Win64/UE4Editor-ImgMediaFactory.dll (API version 3944462).
LogModuleManager: Display: Found up-to-date module file ../../../Engine/Plugins/Media/ImgMedia/Binaries/Win64/UE4Editor-OpenExrWrapper.dll (API version 3944462).
LogModuleManager: Display: Found up-to-date module file ../../../Engine/Plugins/Media/LinearTimecode/Binaries/Win64/UE4Editor-LinearTimecode.dll (API version 3944462).
LogModuleManager: Display: Found up-to-date module file ../../../Engine/Plugins/Media/MediaCompositing/Binaries/Win64/UE4Editor-MediaCompositing.dll (API version 3944462).
LogModuleManager: Display: Found up-to-date module file ../../../Engine/Plugins/Media/MediaCompositing/Binaries/Win64/UE4Editor-MediaCompositingEditor.dll (API version 3944462).
LogModuleManager: Display: Found up-to-date module file ../../../Engine/Plugins/Media/MediaPlayerEditor/Binaries/Win64/UE4Editor-MediaPlayerEditor.dll (API version 3944462).
LogModuleManager: Display: Found up-to-date module file ../../../Engine/Plugins/Media/WmfMedia/Binaries/Win64/UE4Editor-WmfMedia.dll (API version 3944462).
LogModuleManager: Display: Found up-to-date module file ../../../Engine/Plugins/Media/WmfMedia/Binaries/Win64/UE4Editor-WmfMediaEditor.dll (API version 3944462).
LogModuleManager: Display: Found up-to-date module file ../../../Engine/Plugins/Media/WmfMedia/Binaries/Win64/UE4Editor-WmfMediaFactory.dll (API version 3944462).
LogModuleManager: Display: Found up-to-date module file ../../../Engine/Plugins/Media/WmfMedia/Binaries/Win64/UE4Editor-WmfMediaFactory.dll (API version 3944462).
LogModuleManager: Display: Found up-to-date module file ../../../Engine/Plugins/Messaging/TcpMessaging/Binaries/Win64/UE4Editor-TcpMessaging.dll (API version 3944462).
LogModuleManager: Display: Found up-to-date module file ../../../Engine/Plugins/Messaging/UdpMessaging/Binaries/Win64/UE4Editor-UdpMessaging.dll (API version 3944462).
LogModuleManager: Display: Found up-to-date module file ../../../Engine/Plugins/MovieScene/ActorSequence/Binaries/Win64/UE4Editor-ActorSequence.dll (API version 3944462).
LogModuleManager: Display: Found up-to-date module file ../../../Engine/Plugins/MovieScene/LevelSequenceEditor/Binaries/Win64/UE4Editor-LevelSequenceEditor.dll (API version 3944462).
LogModuleManager: Display: Found up-to-date module file ../../../Engine/Plugins/MovieScene/MatineeToLevelSequence/Binaries/Win64/UE4Editor-MatineeToLevelSequence.dll (API version 3944462).
LogModuleManager: Display: Found up-to-date module file ../../../Engine/Plugins/NetcodeUnitTest/NetcodeUnitTest/Binaries/Win64/UE4Editor-NetcodeUnitTest.dll (API version 3944462).
LogModuleManager: Display: Found up-to-date module file ../../../Engine/Plugins/NetcodeUnitTest/NUTUnrealEngine4/Binaries/Win64/UE4Editor-NUTUnrealEngine4.dll (API version 3944462).
LogModuleManager: Display: Found up-to-date module file ../../../Engine/Plugins/Online/OnlineSubsystem/Binaries/Win64/UE4Editor-OnlineSubsystem.dll (API version 3944462).
LogModuleManager: Display: Found up-to-date module file ../../../Engine/Plugins/Runtime/AndroidPermission/Binaries/Win64/UE4Editor-AndroidPermission.dll (API version 3944462).
LogModuleManager: Display: Found up-to-date module file ../../../Engine/Plugins/Online/OnlineSubsystemNull/Binaries/Win64/UE4Editor-OnlineSubsystemNull.dll (API version 3944462).
LogModuleManager: Display: Found up-to-date module file ../../../Engine/Plugins/Online/OnlineSubsystemUtils/Binaries/Win64/UE4Editor-OnlineSubsystemUtils.dll (API version 3944462).
LogModuleManager: Display: Found up-to-date module file ../../../Engine/Plugins/Online/OnlineSubsystemUtils/Binaries/Win64/UE4Editor-OnlineBlueprintSupport.dll (API version 3944462).
LogModuleManager: Display: Found up-to-date module file ../../../Engine/Plugins/Runtime/AndroidDeviceProfileSelector/Binaries/Win64/UE4Editor-AndroidDeviceProfileSelector.dll (API version 3944462).
LogModuleManager: Display: Found up-to-date module file ../../../Engine/Plugins/Runtime/AppleARKit/Binaries/Win64/UE4Editor-AppleARKit.dll (API version 3944462).
LogModuleManager: Display: Found up-to-date module file ../../../Engine/Plugins/Runtime/ProceduralMeshComponent/Binaries/Win64/UE4Editor-ProceduralMeshComponent.dll (API version 3944462).
LogModuleManager: Display: Found up-to-date module file ../../../Engine/Plugins/Runtime/ProceduralMeshComponent/Binaries/Win64/UE4Editor-ProceduralMeshComponentEditor.dll (API version 3944462).
LogModuleManager: Display: Found up-to-date module file ../../../Engine/Plugins/Animation/LiveLink/Binaries/Win64/UE4Editor-LiveLink.dll (API version 3944462).
LogModuleManager: Display: Found up-to-date module file ../../../Engine/Plugins/Animation/LiveLink/Binaries/Win64/UE4Editor-LiveLinkEditor.dll (API version 3944462).
LogModuleManager: Display: Found up-to-date module file ../../../Engine/Plugins/Runtime/ArchVisCharacter/Binaries/Win64/UE4Editor-ArchVisCharacter.dll (API version 3944462).
LogModuleManager: Display: Found up-to-date module file ../../../Engine/Plugins/Runtime/AudioCapture/Binaries/Win64/UE4Editor-AudioCapture.dll (API version 3944462).
LogModuleManager: Display: Found up-to-date module file ../../../Engine/Plugins/Runtime/AudioCapture/Binaries/Win64/UE4Editor-AudioCaptureEditor.dll (API version 3944462).
LogModuleManager: Display: Found up-to-date module file ../../../Engine/Plugins/Runtime/CableComponent/Binaries/Win64/UE4Editor-CableComponent.dll (API version 3944462).
LogModuleManager: Display: Found up-to-date module file ../../../Engine/Plugins/Runtime/CustomMeshComponent/Binaries/Win64/UE4Editor-CustomMeshComponent.dll (API version 3944462).
LogModuleManager: Display: Found up-to-date module file ../../../Engine/Plugins/Runtime/ExampleDeviceProfileSelector/Binaries/Win64/UE4Editor-ExampleDeviceProfileSelector.dll (API version 3944462).
LogModuleManager: Display: Found up-to-date module file ../../../Engine/Plugins/Runtime/ImmediatePhysics/Binaries/Win64/UE4Editor-ImmediatePhysics.dll (API version 3944462).
LogModuleManager: Display: Found up-to-date module file ../../../Engine/Plugins/Runtime/ImmediatePhysics/Binaries/Win64/UE4Editor-ImmediatePhysicsEditor.dll (API version 3944462).
LogModuleManager: Display: Found up-to-date module file ../../../Engine/Plugins/Runtime/LocationServicesBPLibrary/Binaries/Win64/UE4Editor-LocationServicesBPLibrary.dll (API version 3944462).
LogModuleManager: Display: Found up-to-date module file ../../../Engine/Plugins/Runtime/MobilePatchingUtils/Binaries/Win64/UE4Editor-MobilePatchingUtils.dll (API version 3944462).
LogModuleManager: Display: Found up-to-date module file ../../../Engine/Plugins/Runtime/Oculus/OculusVR/Binaries/Win64/UE4Editor-OculusHMD.dll (API version 3944462).
LogModuleManager: Display: Found up-to-date module file ../../../Engine/Plugins/Runtime/Oculus/OculusVR/Binaries/Win64/UE4Editor-OculusInput.dll (API version 3944462).
LogModuleManager: Display: Found up-to-date module file ../../../Engine/Plugins/Runtime/Oculus/OculusVR/Binaries/Win64/UE4Editor-OculusEditor.dll (API version 3944462).
LogModuleManager: Display: Found up-to-date module file ../../../Engine/Plugins/Runtime/PhysXVehicles/Binaries/Win64/UE4Editor-PhysXVehicles.dll (API version 3944462).
LogModuleManager: Display: Found up-to-date module file ../../../Engine/Plugins/Runtime/PhysXVehicles/Binaries/Win64/UE4Editor-PhysXVehiclesEditor.dll (API version 3944462).
LogModuleManager: Display: Found up-to-date module file ../../../Engine/Plugins/Runtime/RuntimePhysXCooking/Binaries/Win64/UE4Editor-RuntimePhysXCooking.dll (API version 3944462).
LogModuleManager: Display: Found up-to-date module file ../../../Engine/Plugins/Runtime/Steam/SteamVR/Binaries/Win64/UE4Editor-SteamVR.dll (API version 3944462).
LogModuleManager: Display: Found up-to-date module file ../../../Engine/Plugins/Runtime/Steam/SteamVR/Binaries/Win64/UE4Editor-SteamVRController.dll (API version 3944462).
LogModuleManager: Display: Found up-to-date module file ../../../Engine/Plugins/Runtime/WindowsMoviePlayer/Binaries/Win64/UE4Editor-WindowsMoviePlayer.dll (API version 3944462).
LogPluginManager: Mounting plugin Paper2D
LogPluginManager: Mounting plugin LiveLink
LogPluginManager: Mounting plugin LightPropagationVolume
LogPluginManager: Mounting plugin CLionSourceCodeAccess
LogPluginManager: Mounting plugin CodeLiteSourceCodeAccess
LogPluginManager: Mounting plugin GitSourceControl
LogPluginManager: Mounting plugin KDevelopSourceCodeAccess
LogPluginManager: Mounting plugin NullSourceCodeAccess
LogPluginManager: Mounting plugin PerforceSourceControl
LogPluginManager: Mounting plugin SubversionSourceControl
LogPluginManager: Mounting plugin UObjectPlugin
LogPluginManager: Mounting plugin VisualStudioCodeSourceCodeAccess
LogPluginManager: Mounting plugin VisualStudioSourceCodeAccess
LogPluginManager: Mounting plugin XCodeSourceCodeAccess
LogPluginManager: Mounting plugin AssetManagerEditor
LogPluginManager: Mounting plugin CryptoKeys
LogPluginManager: Mounting plugin DataValidation
LogPluginManager: Mounting plugin FacialAnimation
LogPluginManager: Mounting plugin GameplayTagsEditor
LogPluginManager: Mounting plugin MobileLauncherProfileWizard
LogPluginManager: Mounting plugin PluginBrowser
LogPluginManager: Mounting plugin SpeedTreeImporter
LogPluginManager: Mounting plugin DatasmithContent
LogPluginManager: Mounting plugin AlembicImporter
LogPluginManager: Mounting plugin CharacterAI
LogPluginManager: Mounting plugin HTML5Networking
LogPluginManager: Mounting plugin AndroidMedia
LogPluginManager: Mounting plugin AvfMedia
LogPluginManager: Mounting plugin ImgMedia
LogPluginManager: Mounting plugin LinearTimecode
LogPluginManager: Mounting plugin MediaCompositing
LogPluginManager: Mounting plugin MediaPlayerEditor
LogPluginManager: Mounting plugin WmfMedia
LogPluginManager: Mounting plugin TcpMessaging
LogPluginManager: Mounting plugin UdpMessaging
LogPluginManager: Mounting plugin ActorSequence
LogPluginManager: Mounting plugin LevelSequenceEditor
LogPluginManager: Mounting plugin MatineeToLevelSequence
LogPluginManager: Mounting plugin NetcodeUnitTest
LogPluginManager: Mounting plugin NUTUnrealEngine4
LogPluginManager: Mounting plugin OnlineSubsystemGooglePlay
LogPluginManager: Mounting plugin OnlineSubsystemIOS
LogPluginManager: Mounting plugin OnlineSubsystem
LogPluginManager: Mounting plugin OnlineSubsystemNull
LogPluginManager: Mounting plugin OnlineSubsystemUtils
LogPluginManager: Mounting plugin AndroidDeviceProfileSelector
LogPluginManager: Mounting plugin AndroidMoviePlayer
LogPluginManager: Mounting plugin AndroidPermission
LogPluginManager: Mounting plugin AppleARKit
LogPluginManager: Mounting plugin AppleMoviePlayer
LogPluginManager: Mounting plugin ArchVisCharacter
LogPluginManager: Mounting plugin AudioCapture
LogPluginManager: Mounting plugin CableComponent
LogPluginManager: Mounting plugin CustomMeshComponent
LogPluginManager: Mounting plugin ExampleDeviceProfileSelector
LogPluginManager: Mounting plugin GoogleCloudMessaging
LogPluginManager: Mounting plugin ImmediatePhysics
LogPluginManager: Mounting plugin IOSDeviceProfileSelector
LogPluginManager: Mounting plugin LinuxDeviceProfileSelector
LogPluginManager: Mounting plugin LocationServicesBPLibrary
LogPluginManager: Mounting plugin MobilePatchingUtils
LogPluginManager: Mounting plugin OculusVR
LogPluginManager: Plugin shader directory ../../../Engine/Plugins/Runtime/Oculus/OculusVR/Shaders found
LogPluginManager: Mapping shader source directory ../../../Engine/Plugins/Runtime/Oculus/OculusVR/Shaders to virtual directory /Plugin/OculusVR
LogPluginManager: Mounting plugin PhysXVehicles
LogPluginManager: Mounting plugin ProceduralMeshComponent
LogPluginManager: Mounting plugin RuntimePhysXCooking
LogPluginManager: Mounting plugin SteamVR
LogPluginManager: Mounting plugin WindowsMoviePlayer
LogStreaming: Display: Took  0.540s to configure plugins.
LogInit: Using libcurl 7.47.1
LogInit:  - built for x86_64-pc-win32
LogInit:  - supports SSL with OpenSSL/1.0.2g
LogInit:  - supports HTTP deflate (compression) using libz 1.2.8
LogInit:  - other features:
LogInit:      CURL_VERSION_SSL
LogInit:      CURL_VERSION_LIBZ
LogInit:      CURL_VERSION_IPV6
LogInit:      CURL_VERSION_ASYNCHDNS
LogInit:      CURL_VERSION_LARGEFILE
LogInit:      CURL_VERSION_IDN
LogInit:  CurlRequestOptions (configurable via config and command line):
LogInit:  - bVerifyPeer = false  - Libcurl will NOT verify peer certificate
LogInit:  - bUseHttpProxy = false  - Libcurl will NOT use HTTP proxy
LogInit:  - bDontReuseConnections = false  - Libcurl will reuse connections
LogInit:  - CertBundlePath = nullptr  - Libcurl will use whatever was configured at build time.
LogInit:  - MaxHostConnections = 16  - Libcurl will limit the number of connections to a host
LogInit:  - LocalHostAddr = Default
LogInit: WinSock: version 1.1 (2.2), MaxSocks=32767, MaxUdp=65467
LogInit: WinSock: I am T246-7 (144.162.189.9:0)
LogInit: Build: ++UE4+Release-4.19-CL-4033788
LogInit: Engine Version: 4.19.2-4033788+++UE4+Release-4.19
LogInit: Compatible Engine Version: 4.19.0-3944462+++UE4+Release-4.19
LogInit: Net CL: 3944462
LogDevObjectVersion: Number of dev versions registered: 18
LogDevObjectVersion:   Dev-Blueprints (B0D832E4-1F89-4F0D-ACCF-7EB736FD4AA2): 10
LogDevObjectVersion:   Dev-Build (E1C64328-A22C-4D53-A36C-8E866417BD8C): 0
LogDevObjectVersion:   Dev-Core (375EC13C-06E4-48FB-B500-84F0262A717E): 2
LogDevObjectVersion:   Dev-Editor (E4B068ED-F494-42E9-A231-DA0B2E46BB41): 23
LogDevObjectVersion:   Dev-Framework (CFFC743F-43B0-4480-9391-14DF171D2073): 33
LogDevObjectVersion:   Dev-Mobile (B02B49B5-BB20-44E9-A304-32B752E40360): 2
LogDevObjectVersion:   Dev-Networking (A4E4105C-59A1-49B5-A7C5-40C4547EDFEE): 0
LogDevObjectVersion:   Dev-Online (39C831C9-5AE6-47DC-9A44-9C173E1C8E7C): 0
LogDevObjectVersion:   Dev-Physics (78F01B33-EBEA-4F98-B9B4-84EACCB95AA2): 0
LogDevObjectVersion:   Dev-Platform (6631380F-2D4D-43E0-8009-CF276956A95A): 0
LogDevObjectVersion:   Dev-Rendering (12F88B9F-8875-4AFC-A67C-D90C383ABD29): 25
LogDevObjectVersion:   Dev-Sequencer (7B5AE74C-D270-4C10-A958-57980B212A5A): 6
LogDevObjectVersion:   Dev-VR (D7296918-1DD6-4BDD-9DE2-64A83CC13884): 1
LogDevObjectVersion:   Dev-LoadTimes (C2A15278-BFE7-4AFE-6C17-90FF531DF755): 1
LogDevObjectVersion:   Private-Geometry (6EACA3D4-40EC-4CC1-B786-8BED09428FC5): 2
LogDevObjectVersion:   Dev-AnimPhys (29E575DD-E0A3-4627-9D10-D276232CDCEA): 16
LogDevObjectVersion:   Dev-ReflectionCapture (6B266CEC-1EC7-4B8F-A30B-E4D90942FC07): 1
LogDevObjectVersion:   Dev-Automation (0DF73D61-A23F-47EA-B727-89E90C41499A): 1
LogInit: Compiled (64-bit): Apr 27 2018 02:06:57
LogInit: Compiled with Visual C++: 19.00.24215.01
LogInit: Build Configuration: Development
LogInit: Branch Name: ++UE4+Release-4.19
LogInit: Command Line: 
LogInit: Base Directory: C:/Program Files/Epic Games/UE_4.19/Engine/Binaries/Win64/
LogInit: Installed Engine Build: 1
LogStreaming: Display: Took  0.000s to delete old logs.
LogInit: Presizing for max 8388607 objects, including 0 objects not considered by GC, pre-allocating 0 bytes for permanent pool.
LogInit: Object subsystem initialized
[2018.11.08-00.49.25:882][  0]LogInit: Selected Device Profile: [Windows]
[2018.11.08-00.49.25:882][  0]LogInit: Applying CVar settings loaded from the selected device profile: [Windows]
[2018.11.08-00.49.25:890][  0]LogInit: Computer: T246-7
[2018.11.08-00.49.25:890][  0]LogInit: User: student
[2018.11.08-00.49.25:890][  0]LogInit: CPU Page size=4096, Cores=4
[2018.11.08-00.49.25:890][  0]LogInit: High frequency timer resolution =3.914277 MHz
[2018.11.08-00.49.25:891][  0]LogMemory: Memory total: Physical=15.9GB (16GB approx)
[2018.11.08-00.49.25:891][  0]LogMemory: Platform Memory Stats for Windows
[2018.11.08-00.49.25:891][  0]LogMemory: Process Physical Memory: 276.26 MB used, 276.26 MB peak
[2018.11.08-00.49.25:891][  0]LogMemory: Process Virtual Memory: 268.09 MB used, 268.09 MB peak
[2018.11.08-00.49.25:891][  0]LogMemory: Physical Memory: 5721.50 MB used,  10534.35 MB free, 16255.85 MB total
[2018.11.08-00.49.25:891][  0]LogMemory: Virtual Memory: 640.57 MB used,  10534.35 MB free, 8388608.00 MB total
[2018.11.08-00.49.25:908][  0]LogInit: Using OS detected language (en-US).
[2018.11.08-00.49.25:908][  0]LogInit: Using OS detected locale (en-US).
[2018.11.08-00.49.25:910][  0]LogTextLocalizationManager: No specific localization for 'en-US' exists, so the 'en' localization will be used.
[2018.11.08-00.49.26:294][  0]LogStreaming: Display: Took  0.386s to EndInitTextLocalization.
[2018.11.08-00.49.26:294][  0]LogWindows: Failed to load 'shcore.dll' (GetLastError=126)
[2018.11.08-00.49.26:295][  0]LogWindows: File 'shcore.dll' does not exist
[2018.11.08-00.49.26:295][  0]LogInit: Setting process to DPI aware
[2018.11.08-00.49.26:298][  0]LogWindows: Failed to load 'shcore.dll' (GetLastError=126)
[2018.11.08-00.49.26:298][  0]LogWindows: File 'shcore.dll' does not exist
[2018.11.08-00.49.26:298][  0]LogInit: Setting process to DPI aware
[2018.11.08-00.49.26:314][  0]LogSlate: New Slate User Created.  User Index 0, Is Virtual User: 0
[2018.11.08-00.49.26:314][  0]LogSlate: Slate User Registered.  User Index 0, Is Virtual User: 0
[2018.11.08-00.49.26:440][  0]LogD3D11RHI: D3D11 adapters:
[2018.11.08-00.49.26:449][  0]LogD3D11RHI:    0. 'Intel(R) HD Graphics 530' (Feature Level 11_0)
[2018.11.08-00.49.26:449][  0]LogD3D11RHI:       192/0/1632 MB DedicatedVideo/DedicatedSystem/SharedSystem, Outputs:1, VendorId:0x8086
[2018.11.08-00.49.26:465][  0]LogD3D11RHI:    1. 'NVIDIA Quadro M2000' (Feature Level 11_0)
[2018.11.08-00.49.26:465][  0]LogD3D11RHI:       4010/0/7871 MB DedicatedVideo/DedicatedSystem/SharedSystem, Outputs:0, VendorId:0x10de
[2018.11.08-00.49.26:465][  0]LogD3D11RHI: Chosen D3D11 Adapter: 1
[2018.11.08-00.49.26:472][  0]LogD3D11RHI: Creating new Direct3DDevice
[2018.11.08-00.49.26:472][  0]LogD3D11RHI:     GPU DeviceId: 0x1430 (for the marketing name, search the web for "GPU Device Id")
[2018.11.08-00.49.26:472][  0]LogWindows: EnumDisplayDevices:
[2018.11.08-00.49.26:472][  0]LogWindows:    0. 'Intel(R) HD Graphics 530' (P:1 D:1)
[2018.11.08-00.49.26:473][  0]LogWindows:    1. 'Intel(R) HD Graphics 530' (P:0 D:0)
[2018.11.08-00.49.26:473][  0]LogWindows:    2. 'Intel(R) HD Graphics 530' (P:0 D:0)
[2018.11.08-00.49.26:473][  0]LogWindows:    3. 'NVIDIA Quadro M2000' (P:0 D:0)
[2018.11.08-00.49.26:473][  0]LogWindows:    4. 'NVIDIA Quadro M2000' (P:0 D:0)
[2018.11.08-00.49.26:473][  0]LogWindows:    5. 'NVIDIA Quadro M2000' (P:0 D:0)
[2018.11.08-00.49.26:473][  0]LogWindows:    6. 'NVIDIA Quadro M2000' (P:0 D:0)
[2018.11.08-00.49.26:473][  0]LogWindows:    7. 'RDPDD Chained DD' (P:0 D:0)
[2018.11.08-00.49.26:473][  0]LogWindows:    8. 'RDP Encoder Mirror Driver' (P:0 D:0)
[2018.11.08-00.49.26:473][  0]LogWindows:    9. 'RDP Reflector Display Driver' (P:0 D:0)
[2018.11.08-00.49.26:473][  0]LogWindows: DebugString: PrimaryIsNotTheChoosenAdapter PrimaryIsNotTheChoosenAdapter PrimaryIsNotTheChoosenAdapter GetVideoDriverDetailsInvalid PrimaryIsNotTheChoosenAdapter GetVideoDriverDetailsInvalid PrimaryIsNotTheChoosenAdapter GetVideoDriverDetailsInvalid PrimaryIsNotTheChoosenAdapter FoundDriverCount:4 
[2018.11.08-00.49.26:473][  0]LogD3D11RHI:     Adapter Name: NVIDIA Quadro M2000
[2018.11.08-00.49.26:473][  0]LogD3D11RHI:   Driver Version: 381.65 (internal:22.21.13.8165, unified:381.65)
[2018.11.08-00.49.26:473][  0]LogD3D11RHI:      Driver Date: 3-31-2017
[2018.11.08-00.49.26:473][  0]LogRHI: Texture pool is 2807 MB (70% of 4010 MB)
[2018.11.08-00.49.26:484][  0]LogD3D11RHI: [Aftermath] Aftermath enabled but failed to initialize
[2018.11.08-00.49.26:484][  0]LogD3D11RHI: [Aftermath] Aftermath enabled and primed
[2018.11.08-00.49.26:484][  0]LogD3D11RHI: Async texture creation enabled
[2018.11.08-00.49.26:498][  0]LogD3D11RHI: GPU Timing Frequency: 1000.000000 (Debug: 2 2)
[2018.11.08-00.49.26:498][  0]LogShaderCompilers: Guid format shader working directory is -18 characters bigger than the processId version (D:/LittleEgyptHistoryProject2/LittleEgyptHistoryProject2/MyProject/Intermediate/Shaders/WorkingDirectory/9992/).
[2018.11.08-00.49.26:498][  0]LogShaderCompilers: Cleaned the shader compiler working directory 'C:/Users/student/AppData/Local/Temp/UnrealShaderWorkingDir/A80AE6084A05A8FD6B69A7A169216683/'.
[2018.11.08-00.49.26:634][  0]LogTemp: Display: Loaded TP AllDesktopTargetPlatform
[2018.11.08-00.49.26:645][  0]LogTemp: Display: Loaded TP MacClientTargetPlatform
[2018.11.08-00.49.26:655][  0]LogTemp: Display: Loaded TP MacNoEditorTargetPlatform
[2018.11.08-00.49.26:665][  0]LogTemp: Display: Loaded TP MacServerTargetPlatform
[2018.11.08-00.49.26:676][  0]LogTemp: Display: Loaded TP MacTargetPlatform
[2018.11.08-00.49.26:686][  0]LogTemp: Display: Loaded TP WindowsClientTargetPlatform
[2018.11.08-00.49.26:696][  0]LogTemp: Display: Loaded TP WindowsNoEditorTargetPlatform
[2018.11.08-00.49.26:707][  0]LogTemp: Display: Loaded TP WindowsServerTargetPlatform
[2018.11.08-00.49.26:711][  0]LogTemp: Display: Loaded TP WindowsTargetPlatform
[2018.11.08-00.49.26:721][  0]LogTemp: Display: Loaded TP Android_ASTCTargetPlatform
[2018.11.08-00.49.26:731][  0]LogTemp: Display: Loaded TP Android_ATCTargetPlatform
[2018.11.08-00.49.26:740][  0]LogTemp: Display: Loaded TP Android_DXTTargetPlatform
[2018.11.08-00.49.26:749][  0]LogTemp: Display: Loaded TP Android_ETC1aTargetPlatform
[2018.11.08-00.49.26:759][  0]LogTemp: Display: Loaded TP Android_ETC1TargetPlatform
[2018.11.08-00.49.26:768][  0]LogTemp: Display: Loaded TP Android_ETC2TargetPlatform
[2018.11.08-00.49.26:787][  0]LogTemp: Display: Loaded TP Android_MultiTargetPlatform
[2018.11.08-00.49.26:787][  0]LogTemp: Display: Loaded TP Android_PVRTCTargetPlatform
[2018.11.08-00.49.26:797][  0]LogTemp: Display: Loaded TP AndroidTargetPlatform
[2018.11.08-00.49.26:798][  0]LogTemp: Display: Loaded TP HTML5TargetPlatform
[2018.11.08-00.49.26:829][  0]LogTemp: Display: Loaded TP IOSTargetPlatform
[2018.11.08-00.49.26:839][  0]LogTemp: Display: Loaded TP TVOSTargetPlatform
[2018.11.08-00.49.26:848][  0]LogTemp: Display: Loaded TP LinuxClientTargetPlatform
[2018.11.08-00.49.26:858][  0]LogTemp: Display: Loaded TP LinuxNoEditorTargetPlatform
[2018.11.08-00.49.26:868][  0]LogTemp: Display: Loaded TP LinuxServerTargetPlatform
[2018.11.08-00.49.26:878][  0]LogTemp: Display: Loaded TP LinuxTargetPlatform
[2018.11.08-00.49.26:878][  0]LogTargetPlatformManager: Display: Building Assets For Windows
[2018.11.08-00.49.26:953][  0]LogXGEController: Cannot use XGE Controller as Incredibuild is not installed on this machine.
[2018.11.08-00.49.26:953][  0]LogShaderCompilers: Cannot use XGE Shader Compiler as Incredibuild is not installed on this machine.
[2018.11.08-00.49.26:953][  0]LogShaderCompilers: Display: Using Local Shader Compiler.
[2018.11.08-00.49.27:515][  0]LogDerivedDataCache: Display: Max Cache Size: 512 MB
[2018.11.08-00.49.27:595][  0]LogDerivedDataCache: Loaded boot cache 0.08s 74MB C:/Users/student/AppData/Local/UnrealEngine/4.19/DerivedDataCache/Boot.ddc.
[2018.11.08-00.49.27:595][  0]LogDerivedDataCache: Display: Loaded Boot cache: C:/Users/student/AppData/Local/UnrealEngine/4.19/DerivedDataCache/Boot.ddc
[2018.11.08-00.49.27:595][  0]LogDerivedDataCache: FDerivedDataBackendGraph:  Pak pak cache file D:/LittleEgyptHistoryProject2/LittleEgyptHistoryProject2/MyProject/DerivedDataCache/DDC.ddp not found, will not use a pak cache.
[2018.11.08-00.49.27:595][  0]LogDerivedDataCache: Unable to find inner node Pak for hierarchical cache Hierarchy.
[2018.11.08-00.49.27:595][  0]LogDerivedDataCache: FDerivedDataBackendGraph:  CompressedPak pak cache file D:/LittleEgyptHistoryProject2/LittleEgyptHistoryProject2/MyProject/DerivedDataCache/Compressed.ddp not found, will not use a pak cache.
[2018.11.08-00.49.27:595][  0]LogDerivedDataCache: Unable to find inner node CompressedPak for hierarchical cache Hierarchy.
[2018.11.08-00.49.27:609][  0]LogDerivedDataCache: Display: Pak cache opened for reading ../../../Engine/DerivedDataCache/Compressed.ddp.
[2018.11.08-00.49.27:620][  0]LogDerivedDataCache: Using Local data cache path C:/Users/student/AppData/Local/UnrealEngine/Common/DerivedDataCache: Writable
[2018.11.08-00.49.27:620][  0]LogDerivedDataCache: Shared data cache path not found in *engine.ini, will not use an Shared cache.
[2018.11.08-00.49.27:620][  0]LogDerivedDataCache: Unable to find inner node Shared for hierarchical cache Hierarchy.
[2018.11.08-00.49.27:630][  0]LogMaterial: Verifying Global Shaders for PCD3D_SM5
[2018.11.08-00.49.27:630][  0]LogSlate: Using Freetype 2.6.0
[2018.11.08-00.49.27:631][  0]LogSlate: SlateFontCache - WITH_FREETYPE: 1, WITH_HARFBUZZ: 1
[2018.11.08-00.49.27:631][  0]LogSlate: SlateFontCache - WITH_FREETYPE: 1, WITH_HARFBUZZ: 1
[2018.11.08-00.49.27:720][  0]LogAssetRegistry: FAssetRegistry took 0.0232 seconds to start up
[2018.11.08-00.49.27:964][  0]LogInit: Selected Device Profile: [Windows]
[2018.11.08-00.49.28:080][  0]LogSimplygon: Simplygon DLL not present - disabling.
[2018.11.08-00.49.28:081][  0]LogMeshReduction: Using SimplygonSwarm for distributed automatic mesh merging
[2018.11.08-00.49.28:081][  0]LogMeshReduction: Using QuadricMeshReduction for automatic static mesh reduction
[2018.11.08-00.49.28:081][  0]LogMeshReduction: No automatic skeletal mesh reduction module available
[2018.11.08-00.49.28:081][  0]LogMeshReduction: No automatic mesh merging module available
[2018.11.08-00.49.28:082][  0]LogMeshMerging: No automatic mesh merging module available
[2018.11.08-00.49.28:103][  0]LogNetVersion: MyProject , NetCL: 3944462, EngineNetVer: 2, GameNetVer: 0 (Checksum: 2475486345)
[2018.11.08-00.49.28:546][  0]LogPackageLocalizationCache: Processed 9 localized package path(s) for 2 prioritized culture(s) in 0.091053 seconds
[2018.11.08-00.49.28:551][  0]LogUObjectArray: 36728 objects as part of root set at end of initial load.
[2018.11.08-00.49.28:551][  0]LogUObjectAllocator: 7314312 out of 0 bytes used by permanent object pool.
[2018.11.08-00.49.28:551][  0]LogUObjectArray: CloseDisregardForGC: 0/0 objects in disregard for GC pool
[2018.11.08-00.49.29:826][  0]LogTcpMessaging: Initializing TcpMessaging bridge
[2018.11.08-00.49.29:854][  0]LogUdpMessaging: Initializing bridge on interface 0.0.0.0:0 to multicast group 230.0.0.1:6666.
[2018.11.08-00.49.30:086][  0]SourceControl: Source control is disabled
[2018.11.08-00.49.30:086][  0]SourceControl: Source control is disabled
[2018.11.08-00.49.30:095][  0]SourceControl: Source control is disabled
[2018.11.08-00.49.30:104][  0]SourceControl: Source control is disabled
[2018.11.08-00.49.30:451][  0]LogAndroidPermission: UAndroidPermissionCallbackProxy::GetInstance
[2018.11.08-00.49.30:533][  0]LogOcInput: OculusInput pre-init called
[2018.11.08-00.49.30:606][  0]LogEngine: Initializing Engine...
[2018.11.08-00.49.30:606][  0]LogHMD: Failed to initialize OpenVR with code 110
[2018.11.08-00.49.30:607][  0]LogStats: UGameplayTagsManager::ConstructGameplayTagTree: Construct from data asset -  0.000 s
[2018.11.08-00.49.30:607][  0]LogStats: UGameplayTagsManager::ConstructGameplayTagTree: GameplayTagTreeChangedEvent.Broadcast -  0.000 s
[2018.11.08-00.49.30:853][  0]LogAIModule: Creating AISystem for world Untitled
[2018.11.08-00.49.30:877][  0]LogInit: XAudio2 using 'Speakers / Headphones (Realtek Audio)' : 2 channels at 48 kHz using 32 bits per sample (channel mask 0x3)
[2018.11.08-00.49.30:951][  0]LogInit: FAudioDevice initialized.
[2018.11.08-00.49.31:055][  0]LogDerivedDataCache: Saved boot cache 0.10s 74MB C:/Users/student/AppData/Local/UnrealEngine/4.19/DerivedDataCache/Boot.ddc.
[2018.11.08-00.49.31:082][  0]LogInit: Texture streaming: Enabled
[2018.11.08-00.49.31:103][  0]LogEngineSessionManager: EngineSessionManager initialized
[2018.11.08-00.49.31:123][  0]LogInit: Transaction tracking system initialized
[2018.11.08-00.49.31:150][  0]BlueprintLog: New page: Editor Load
[2018.11.08-00.49.31:237][  0]LocalizationService: Localization service is disabled
[2018.11.08-00.49.31:306][  0]LogConsoleResponse: Display: 
[2018.11.08-00.49.31:438][  0]LogFileCache: Scanning file cache for directory 'D:/LittleEgyptHistoryProject2/LittleEgyptHistoryProject2/MyProject/Content/' took 0.01s
[2018.11.08-00.49.31:438][  0]LogCook: Display: Max memory allowance for cook 16384mb min free memory 0mb
[2018.11.08-00.49.31:438][  0]LogCook: Display: Mobile HDR setting 1
[2018.11.08-00.49.31:438][  0]LogGameplayTags: Display: UGameplayTagsManager::DoneAddingNativeTags. DelegateIsBound: 0
[2018.11.08-00.49.31:438][  0]LogStats: UGameplayTagsManager::ConstructGameplayTagTree: Construct from data asset -  0.000 s
[2018.11.08-00.49.31:438][  0]LogStats: UGameplayTagsManager::ConstructGameplayTagTree: GameplayTagTreeChangedEvent.Broadcast -  0.000 s
[2018.11.08-00.49.31:645][  0]SourceControl: Source control is disabled
[2018.11.08-00.49.31:645][  0]Cmd: MAP LOAD FILE="../../../Engine/Content/Maps/Templates/Template_Default.umap" TEMPLATE=1 SHOWPROGRESS=1 FEATURELEVEL=3
[2018.11.08-00.49.31:645][  0]LightingResults: New page: Lighting Build
[2018.11.08-00.49.31:647][  0]MapCheck: New page: Map Check
[2018.11.08-00.49.31:647][  0]LightingResults: New page: Lighting Build
[2018.11.08-00.49.31:806][  0]LogAIModule: Creating AISystem for world Untitled_1
[2018.11.08-00.49.31:811][  0]LogEditorServer: Finished looking for orphan Actors (0.000 secs)
[2018.11.08-00.49.31:822][  0]Cmd: MAP CHECKDEP NOCLEARLOG
[2018.11.08-00.49.31:850][  0]MapCheck: Map check complete: 0 Error(s), 0 Warning(s), took 27.945ms to complete.
[2018.11.08-00.49.31:850][  0]LogFileHelpers: Loading map 'Template_Default' took 0.205
[2018.11.08-00.49.31:990][  0]LogCollectionManager: Loaded 0 collections in 0.000984 seconds
[2018.11.08-00.49.32:027][  0]LogFileCache: Scanning file cache for directory 'D:/LittleEgyptHistoryProject2/LittleEgyptHistoryProject2/MyProject/Saved/Collections/' took 0.01s
[2018.11.08-00.49.32:027][  0]LogFileCache: Scanning file cache for directory 'D:/LittleEgyptHistoryProject2/LittleEgyptHistoryProject2/MyProject/Content/Developers/student/Collections/' took 0.01s
[2018.11.08-00.49.32:027][  0]LogFileCache: Scanning file cache for directory 'D:/LittleEgyptHistoryProject2/LittleEgyptHistoryProject2/MyProject/Content/Collections/' took 0.01s
[2018.11.08-00.49.32:027][  0]LogCollectionManager: Rebuilt the GUID cache for 0 collections in 0.000001 seconds
[2018.11.08-00.49.32:034][  0]LogContentBrowser: Native class hierarchy populated in 0.0071 seconds. Added 2452 classes and 558 folders.
[2018.11.08-00.49.32:038][  0]LogContentBrowser: Native class hierarchy updated for 'WidgetCarousel' in 0.0002 seconds. Added 0 classes and 0 folders.
[2018.11.08-00.49.32:065][  0]LogContentBrowser: Native class hierarchy updated for 'AddContentDialog' in 0.0002 seconds. Added 0 classes and 0 folders.
[2018.11.08-00.49.32:068][  0]LogContentBrowser: Native class hierarchy updated for 'SceneOutliner' in 0.0002 seconds. Added 1 classes and 2 folders.
[2018.11.08-00.49.32:081][  0]LogSlate: Took 0.000133 seconds to synchronously load lazily loaded font '../../../Engine/Content/Slate/Fonts/Roboto-Regular.ttf' (155K)
[2018.11.08-00.49.32:083][  0]LogSlate: Took 0.000175 seconds to synchronously load lazily loaded font '../../../Engine/Content/Slate/Fonts/Roboto-Bold.ttf' (160K)
[2018.11.08-00.49.32:088][  0]LogSlate: Took 0.000243 seconds to synchronously load lazily loaded font '../../../Engine/Content/Editor/Slate/Fonts/FontAwesome.ttf' (139K)
[2018.11.08-00.49.32:180][  0]LogRenderer: Reallocating scene render targets to support 1208x652 Format 10 NumSamples 1 (Frame:1).
[2018.11.08-00.49.32:322][  0]LogSlate: FSceneViewport::OnFocusLost() reason 2
[2018.11.08-00.49.32:336][  0]LogSlate: Window 'Tutorials' being destroyed
[2018.11.08-00.49.32:362][  0]LogContentBrowser: Native class hierarchy updated for 'HierarchicalLODOutliner' in 0.0002 seconds. Added 0 classes and 0 folders.
[2018.11.08-00.49.32:362][  0]LogLoad: (Engine Initialization) Total time: 8.04 seconds
[2018.11.08-00.49.32:362][  0]LogLoad: (Engine Initialization) Total Blueprint compile time: 0.00 seconds
[2018.11.08-00.49.32:388][  0]LogAssetRegistry: Asset discovery search completed in 4.6882 seconds
[2018.11.08-00.49.32:390][  0]LogCollectionManager: Rebuilt the object cache for 0 collections in 0.000001 seconds (found 0 objects)
[2018.11.08-00.49.32:390][  0]LogCollectionManager: Fixed up redirectors for 0 collections in 0.000053 seconds (updated 0 objects)
[2018.11.08-00.49.32:393][  0]LogContentStreaming: Texture pool size now 1000 MB
[2018.11.08-00.49.34:280][115]LogSlate: FSceneViewport::OnFocusLost() reason 2
[2018.11.08-00.49.36:105][302]LogSlate: FSceneViewport::OnFocusLost() reason 2
[2018.11.08-00.49.41:751][727]LogSlate: Window 'Source Control Login' being destroyed
[2018.11.08-00.49.48:516][247]LogSlate: FSceneViewport::OnFocusLost() reason 0
[2018.11.08-00.49.52:770][627]LogSlate: Took 0.000128 seconds to synchronously load lazily loaded font '../../../Engine/Content/Slate/Fonts/Roboto-Light.ttf' (167K)
[2018.11.08-00.49.52:842][627]Cmd: OBJ SAVEPACKAGE PACKAGE="/Game/Cube" FILE="D:/LittleEgyptHistoryProject2/LittleEgyptHistoryProject2/MyProject/Content/Cube.uasset" SILENT=true
[2018.11.08-00.49.52:869][627]LogSavePackage: Save=24.12ms
[2018.11.08-00.49.52:869][627]LogSavePackage: Moving 'D:/LittleEgyptHistoryProject2/LittleEgyptHistoryProject2/MyProject/Saved/Cube97B8FF5740EB96A00B0184AA0DF6EDD1.tmp' to 'D:/LittleEgyptHistoryProject2/LittleEgyptHistoryProject2/MyProject/Content/Cube.uasset'
[2018.11.08-00.49.52:870][627]LogSavePackage: Display: Finished SavePackage D:/LittleEgyptHistoryProject2/LittleEgyptHistoryProject2/MyProject/Content/Cube.uasset
[2018.11.08-00.49.53:045][627]LogSlate: Took 0.000127 seconds to synchronously load lazily loaded font '../../../Engine/Content/Slate/Fonts/Roboto-Light.ttf' (167K)
[2018.11.08-00.49.57:173][ 40]LogActorFactory: Actor Factory created Cube
[2018.11.08-00.49.57:501][ 52]LogActorFactory: Actor Factory created Cube
[2018.11.08-00.49.57:582][ 53]SourceControl: fatal: /Temp: '/Temp' is outside repository
[2018.11.08-00.50.09:342][782]LogSlate: FSceneViewport::OnFocusLost() reason 2
[2018.11.08-00.50.21:433][980]SourceControl: fatal: C:/Program Files/Epic Games/UE_4.19/Engine/Content: 'C:/Program Files/Epic Games/UE_4.19/Engine/Content' is outside repository
[2018.11.08-00.50.21:522][980]LogPackageName: Error: Illegal call to DoesPackageExist: 'D:/LittleEgyptHistoryProject2/LittleEgyptHistoryProject2/MyProject/MyProject.uproject' is not a standard unreal filename or a long path name. Reason: Path should be no less than 4 characters long.
[2018.11.08-00.50.21:712][980]LogStats: FPlatformStackWalk::StackWalkAndDump -  0.190 s
[2018.11.08-00.50.21:712][980]LogOutputDevice: Error: === Handled ensure: ===
[2018.11.08-00.50.21:712][980]LogOutputDevice: Error: 
[2018.11.08-00.50.21:712][980]LogOutputDevice: Error: Ensure condition failed: false [File:D:\Build\++UE4+Release-4.19+Compile\Sync\Engine\Source\Runtime\CoreUObject\Private\Misc\PackageName.cpp] [Line: 818]
[2018.11.08-00.50.21:712][980]LogOutputDevice: Error: Illegal call to DoesPackageExist: 'D:/LittleEgyptHistoryProject2/LittleEgyptHistoryProject2/MyProject/MyProject.uproject' is not a standard unreal filename or a long path name. Reason: Path should be no less than 4 characters long.
[2018.11.08-00.50.21:712][980]LogOutputDevice: Error: Stack: 
[2018.11.08-00.50.21:712][980]LogOutputDevice: Error: [Callstack] 0x00000000ED2AB706 UE4Editor-Core.dll!UnknownFunction []
[2018.11.08-00.50.21:712][980]LogOutputDevice: Error: [Callstack] 0x00000000ED00AE3A UE4Editor-Core.dll!UnknownFunction []
[2018.11.08-00.50.21:712][980]LogOutputDevice: Error: [Callstack] 0x00000000ED01ECD6 UE4Editor-Core.dll!UnknownFunction []
[2018.11.08-00.50.21:712][980]LogOutputDevice: Error: [Callstack] 0x00000000F9F4DD3B UE4Editor-CoreUObject.dll!UnknownFunction []
[2018.11.08-00.50.21:712][980]LogOutputDevice: Error: [Callstack] 0x00000000E7ED6A12 UE4Editor-SourceControl.dll!UnknownFunction []
[2018.11.08-00.50.21:712][980]LogOutputDevice: Error: [Callstack] 0x00000000E7ED6BA7 UE4Editor-SourceControl.dll!UnknownFunction []
[2018.11.08-00.50.21:712][980]LogOutputDevice: Error: [Callstack] 0x00000000B94650CE UE4Editor-SourceControlWindows.dll!UnknownFunction []
[2018.11.08-00.50.21:712][980]LogOutputDevice: Error: [Callstack] 0x00000000B9424805 UE4Editor-SourceControlWindows.dll!UnknownFunction []
[2018.11.08-00.50.21:712][980]LogOutputDevice: Error: [Callstack] 0x00000000B9423DDD UE4Editor-SourceControlWindows.dll!UnknownFunction []
[2018.11.08-00.50.21:712][980]LogOutputDevice: Error: [Callstack] 0x00000000B94390B4 UE4Editor-SourceControlWindows.dll!UnknownFunction []
[2018.11.08-00.50.21:712][980]LogOutputDevice: Error: [Callstack] 0x00000000ADCB4669 UE4Editor-GitSourceControl.dll!UnknownFunction []
[2018.11.08-00.50.21:712][980]LogOutputDevice: Error: [Callstack] 0x00000000E7EDB9BC UE4Editor-SourceControl.dll!UnknownFunction []
[2018.11.08-00.50.21:712][980]LogOutputDevice: Error: [Callstack] 0x00000000BBFEDF0A UE4Editor-UnrealEd.dll!UnknownFunction []
[2018.11.08-00.50.21:712][980]LogOutputDevice: Error: [Callstack] 0x00000000BC889626 UE4Editor-UnrealEd.dll!UnknownFunction []
[2018.11.08-00.50.21:712][980]LogOutputDevice: Error: [Callstack] 0x000000003F135EAC UE4Editor.exe!UnknownFunction []
[2018.11.08-00.50.21:712][980]LogOutputDevice: Error: [Callstack] 0x000000003F146BD0 UE4Editor.exe!UnknownFunction []
[2018.11.08-00.50.21:712][980]LogOutputDevice: Error: [Callstack] 0x000000003F146C4A UE4Editor.exe!UnknownFunction []
[2018.11.08-00.50.21:712][980]LogOutputDevice: Error: [Callstack] 0x000000003F154177 UE4Editor.exe!UnknownFunction []
[2018.11.08-00.50.21:712][980]LogOutputDevice: Error: [Callstack] 0x000000003F155B87 UE4Editor.exe!UnknownFunction []
[2018.11.08-00.50.21:712][980]LogOutputDevice: Error: [Callstack] 0x00000000774759CD kernel32.dll!UnknownFunction []
[2018.11.08-00.50.21:712][980]LogOutputDevice: Error: [Callstack] 0x00000000776D383D ntdll.dll!UnknownFunction []
[2018.11.08-00.50.21:712][980]LogOutputDevice: Error: 
[2018.11.08-00.50.21:719][980]LogStats:                SubmitErrorReport -  0.000 s
[2018.11.08-00.50.22:566][980]LogStats:                    SendNewReport -  0.848 s
[2018.11.08-00.50.22:566][980]LogStats:             FDebug::EnsureFailed -  1.045 s
[2018.11.08-00.50.22:570][980]LogSlate: FSceneViewport::OnFocusLost() reason 2
[2018.11.08-00.50.32:399][980]LogSlate: Window 'Submit Files' being destroyed
[2018.11.08-00.50.32:412][980]LogSlate: FSceneViewport::OnFocusLost() reason 2
[2018.11.08-00.50.32:467][980]LogSlate: FSceneViewport::OnFocusLost() reason 2
[2018.11.08-00.50.32:574][980]LogSlate: FSceneViewport::OnFocusLost() reason 2
[2018.11.08-00.50.32:696][980]LogSourceControl: commit successful: [master e7b5b2a] Blah blah
[2018.11.08-00.50.32:746][980]SourceControl: [master e7b5b2a] Blah blah
[2018.11.08-00.50.32:746][980]SourceControl:  2 files changed, 6 insertions(+)
[2018.11.08-00.50.32:746][980]SourceControl:  create mode 100644 MyProject/Content/Cube.uasset
[2018.11.08-00.50.32:746][980]SourceControl:  create mode 100644 MyProject/MyProject.uproject
[2018.11.08-00.50.32:751][980]SourceControl: Commited [master e7b5b2a] Blah blah.
[2018.11.08-00.50.47:242][308]LogSlate: FSceneViewport::OnFocusLost() reason 2
[2018.11.08-00.50.49:466][496]SourceControl: fatal: C:/Program Files/Epic Games/UE_4.19/Engine/Content: 'C:/Program Files/Epic Games/UE_4.19/Engine/Content' is outside repository
[2018.11.08-00.50.49:521][496]EditorErrors: Warning: No assets to check in!
[2018.11.08-00.51.00:312][732]LogSlate: FSceneViewport::OnFocusLost() reason 0
[2018.11.08-00.51.16:574][580]SourceControl: fatal: C:/Program Files/Epic Games/UE_4.19/Engine/Content: 'C:/Program Files/Epic Games/UE_4.19/Engine/Content' is outside repository
[2018.11.08-00.51.16:627][580]EditorErrors: Warning: No assets to check in!
[2018.11.08-00.51.21:983][913]LogSlate: Window 'Message Log' being destroyed
[2018.11.08-00.51.21:997][913]LogSlate: Window 'Message Log' being destroyed
[2018.11.08-00.57.39:612][461]Cmd: OBJ SAVEPACKAGE PACKAGE="/Game/Cube_2" FILE="D:/LittleEgyptHistoryProject2/LittleEgyptHistoryProject2/MyProject/Content/Cube_2.uasset" SILENT=true
[2018.11.08-00.57.39:625][461]LogSavePackage: Save=12.09ms
[2018.11.08-00.57.39:625][461]LogSavePackage: Moving 'D:/LittleEgyptHistoryProject2/LittleEgyptHistoryProject2/MyProject/Saved/Cube_27261A8D64363FB58BB62B6B488FDE874.tmp' to 'D:/LittleEgyptHistoryProject2/LittleEgyptHistoryProject2/MyProject/Content/Cube_2.uasset'
[2018.11.08-00.57.39:626][461]LogSavePackage: Display: Finished SavePackage D:/LittleEgyptHistoryProject2/LittleEgyptHistoryProject2/MyProject/Content/Cube_2.uasset
[2018.11.08-00.57.40:699][524]LogActorFactory: Actor Factory created Cube_2
[2018.11.08-00.57.41:004][537]LogActorFactory: Actor Factory created Cube_2
[2018.11.08-00.57.43:836][702]LogSlate: FSceneViewport::OnFocusLost() reason 2
[2018.11.08-00.57.45:661][851]SourceControl: fatal: C:/Program Files/Epic Games/UE_4.19/Engine/Content: 'C:/Program Files/Epic Games/UE_4.19/Engine/Content' is outside repository
[2018.11.08-00.57.45:757][851]LogSlate: FSceneViewport::OnFocusLost() reason 2
[2018.11.08-00.57.51:595][851]LogSlate: Window 'Submit Files' being destroyed
[2018.11.08-00.57.51:606][851]LogSlate: FSceneViewport::OnFocusLost() reason 2
[2018.11.08-00.57.51:667][851]LogSlate: FSceneViewport::OnFocusLost() reason 2
[2018.11.08-00.57.51:847][851]LogSourceControl: commit successful: [master bc5d629] aa
[2018.11.08-00.57.51:877][851]SourceControl: [master bc5d629] aa
[2018.11.08-00.57.51:877][851]SourceControl:  1 file changed, 0 insertions(+), 0 deletions(-)
[2018.11.08-00.57.51:877][851]SourceControl:  create mode 100644 MyProject/Content/Cube_2.uasset
[2018.11.08-00.57.51:883][851]SourceControl: Commited [master bc5d629] aa.
[2018.11.08-00.59.30:916][661]LogSlate: FSceneViewport::OnFocusLost() reason 2
[2018.11.08-00.59.33:571][879]SourceControl: fatal: C:/Program Files/Epic Games/UE_4.19/Engine/Content: 'C:/Program Files/Epic Games/UE_4.19/Engine/Content' is outside repository
[2018.11.08-00.59.33:627][879]EditorErrors: Warning: No assets to check in!
[2018.11.08-00.59.35:535][973]LogSlate: FSceneViewport::OnFocusLost() reason 2
[2018.11.08-00.59.35:605][973]LogSavePackage: Save=19.14ms
[2018.11.08-00.59.35:605][973]LogSavePackage: Moving 'D:/LittleEgyptHistoryProject2/LittleEgyptHistoryProject2/MyProject/Saved/Untitled_1_Auto1E9F6E2C349E82B0ED306FAA3A424B54B.tmp' to 'D:/LittleEgyptHistoryProject2/LittleEgyptHistoryProject2/MyProject/Saved/Autosaves/Temp/Untitled_1_Auto1.umap'
[2018.11.08-00.59.35:605][973]LogSavePackage: Display: Finished SavePackage D:/LittleEgyptHistoryProject2/LittleEgyptHistoryProject2/MyProject/Saved/Autosaves/Temp/Untitled_1_Auto1.umap
[2018.11.08-00.59.35:610][973]LogFileHelpers: Editor autosave (incl. sublevels) for '/Temp/Untitled_1' took 0.034
[2018.11.08-00.59.35:610][973]LogFileHelpers: Editor autosave (incl. sublevels) for all levels took 0.034
[2018.11.08-00.59.39:155][142]LogSlate: FSceneViewport::OnFocusLost() reason 0
[2018.11.08-00.59.39:804][179]LogActorFactory: Actor Factory created Cube
[2018.11.08-00.59.40:213][209]LogSlate: FSceneViewport::OnFocusLost() reason 2
[2018.11.08-00.59.41:143][289]LogSlate: FSceneViewport::OnFocusLost() reason 2
[2018.11.08-00.59.41:193][289]LogSlate: FSceneViewport::OnFocusLost() reason 2
[2018.11.08-00.59.41:268][289]Cmd: OBJ SAVEPACKAGE PACKAGE="/Game/Cube_3" FILE="D:/LittleEgyptHistoryProject2/LittleEgyptHistoryProject2/MyProject/Content/Cube_3.uasset" SILENT=true
[2018.11.08-00.59.41:290][289]LogSavePackage: Save=20.23ms
[2018.11.08-00.59.41:290][289]LogSavePackage: Moving 'D:/LittleEgyptHistoryProject2/LittleEgyptHistoryProject2/MyProject/Saved/Cube_3DEE4B2FC445DFD778044A0847F06BABF.tmp' to 'D:/LittleEgyptHistoryProject2/LittleEgyptHistoryProject2/MyProject/Content/Cube_3.uasset'
[2018.11.08-00.59.41:291][289]LogSavePackage: Display: Finished SavePackage D:/LittleEgyptHistoryProject2/LittleEgyptHistoryProject2/MyProject/Content/Cube_3.uasset
[2018.11.08-00.59.41:446][289]LogSlate: FSceneViewport::OnFocusLost() reason 2
[2018.11.08-00.59.42:211][343]LogActorFactory: Actor Factory created Cube_3
[2018.11.08-00.59.42:352][350]LogActorFactory: Actor Factory created Cube_3
[2018.11.08-00.59.46:206][596]LogSlate: FSceneViewport::OnFocusLost() reason 2
[2018.11.08-00.59.47:446][692]SourceControl: fatal: C:/Program Files/Epic Games/UE_4.19/Engine/Content: 'C:/Program Files/Epic Games/UE_4.19/Engine/Content' is outside repository
[2018.11.08-00.59.47:502][692]LogSlate: FSceneViewport::OnFocusLost() reason 2
[2018.11.08-00.59.51:612][692]LogSlate: Window 'Submit Files' being destroyed
[2018.11.08-00.59.51:625][692]LogSlate: FSceneViewport::OnFocusLost() reason 2
[2018.11.08-00.59.51:687][692]LogSlate: FSceneViewport::OnFocusLost() reason 2
[2018.11.08-00.59.51:851][692]LogSourceControl: commit successful: [master bbfcca5] b
[2018.11.08-00.59.51:881][692]SourceControl: [master bbfcca5] b
[2018.11.08-00.59.51:881][692]SourceControl:  1 file changed, 0 insertions(+), 0 deletions(-)
[2018.11.08-00.59.51:881][692]SourceControl:  create mode 100644 MyProject/Content/Cube_3.uasset
[2018.11.08-00.59.51:886][692]SourceControl: Commited [master bbfcca5] b.
